<?xml version="1.0" encoding="UTF-8"?>
<testsuite xmlns:xsi="http://www.w3.org/2001/XMLSchema-instance" xsi:noNamespaceSchemaLocation="https://maven.apache.org/surefire/maven-surefire-plugin/xsd/surefire-test-report-3.0.xsd" version="3.0" name="service.CropSystemTest" time="0.578" tests="20" errors="0" skipped="0" failures="0">
  <properties>
[...]
</properties>
  <testcase name="test05ValidationUtil" classname="service.CropSystemTest" time="0.116"/>
  <testcase name="test06RecommendRice" classname="service.CropSystemTest" time="0.06"/>
  <testcase name="test13SaleRequestMessages" classname="service.CropSystemTest" time="0.011"/>
  <testcase name="test17CropRecommendationGetters" classname="service.CropSystemTest" time="0.006"/>
  <testcase name="test07AdvisoryInputAndTop" classname="service.CropSystemTest" time="0.01"/>
  <testcase name="test11OrderActions" classname="service.CropSystemTest" time="0.008"/>
  <testcase name="test14CropService" classname="service.CropSystemTest" time="0.009"/>
  <testcase name="test16CropDetailGetters" classname="service.CropSystemTest" time="0.004"/>
  <testcase name="test03RegisterSuccess" classname="service.CropSystemTest" time="0.007"/>
  <testcase name="test18DbConnectionConfig" classname="service.CropSystemTest" time="0.015"/>
  <testcase name="test08CropInfoAll" classname="service.CropSystemTest" time="0.005"/>
  <testcase name="test12SaleRequestValidation" classname="service.CropSystemTest" time="0.005"/>
  <testcase name="test02LoginFail" classname="service.CropSystemTest" time="0.005"/>
  <testcase name="test19FarmerServiceValidation" classname="service.CropSystemTest" time="0.006"/>
  <testcase name="test15AuthService" classname="service.CropSystemTest" time="0.004"/>
  <testcase name="test10OrderMessages" classname="service.CropSystemTest" time="0.005"/>
  <testcase name="test09OrderTransitions" classname="service.CropSystemTest" time="0.003"/>
  <testcase name="test04RegisterFail" classname="service.CropSystemTest" time="0.003"/>
  <testcase name="test01LoginSuccess" classname="service.CropSystemTest" time="0.002"/>
  <testcase name="test20RegistrationValidation" classname="service.CropSystemTest" time="0.003"/>
</testsuite>